<?xml version="1.0" encoding="UTF-8"?>
<testsuite name="wdsr.exercise4.receiver.ReceiveTest" tests="5" skipped="0" failures="0" errors="0" timestamp="2016-05-20T08:45:22" hostname="BEN-PLL-ST2-HP" time="6.391">
  <properties/>
  <testcase name="shouldReceiveFromQueue_whenVolumeAlertTextSent" classname="wdsr.exercise4.receiver.ReceiveTest" time="1.562"/>
  <testcase name="shouldReceiveFromQueue_whenPriceAlertObjectSent" classname="wdsr.exercise4.receiver.ReceiveTest" time="0.639"/>
  <testcase name="shouldReceiveFromQueue_whenVolumeAlertObjectSent" classname="wdsr.exercise4.receiver.ReceiveTest" time="0.383"/>
  <testcase name="shouldReceiveAllFromQueue_whenMoreThanOneMessageSent" classname="wdsr.exercise4.receiver.ReceiveTest" time="0.391"/>
  <testcase name="shouldReceiveFromQueue_whenPriceAlertTextSent" classname="wdsr.exercise4.receiver.ReceiveTest" time="0.385"/>
  <system-out><![CDATA[4701 [Test worker] INFO  org.apache.activemq.broker.BrokerService [] - Using Persistence Adapter: KahaDBPersistenceAdapter[I:\WDSR\exercise4\activemq-data\localhost\KahaDB]
4727 [JMX connector] INFO  org.apache.activemq.broker.jmx.ManagementContext [] - JMX consoles can connect to service:jmx:rmi:///jndi/rmi://localhost:1099/jmxrmi
5382 [Test worker] INFO  org.apache.activemq.store.kahadb.MessageDatabase [] - KahaDB is version 6
5478 [Test worker] INFO  org.apache.activemq.store.kahadb.MessageDatabase [] - Recovering from the journal @1:813792
5478 [Test worker] INFO  org.apache.activemq.store.kahadb.MessageDatabase [] - Recovery replayed 1 operations from the journal in 0.054 seconds.
5512 [Test worker] INFO  org.apache.activemq.store.kahadb.plist.PListStoreImpl [] - PListStore:[I:\WDSR\exercise4\activemq-data\localhost\tmp_storage] started
5787 [Test worker] INFO  org.apache.activemq.broker.BrokerService [] - Apache ActiveMQ 5.13.2 (localhost, ID:BEN-PLL-ST2-HP-49217-1463733922068-0:1) is starting
6019 [Test worker] INFO  org.apache.activemq.transport.TransportServerThreadSupport [] - Listening for connections at: tcp://127.0.0.1:62616?deleteAllMessagesOnStartup=true
6020 [Test worker] INFO  org.apache.activemq.broker.TransportConnector [] - Connector tcp://localhost:62616?deleteAllMessagesOnStartup=true started
6022 [Test worker] INFO  org.apache.activemq.broker.BrokerService [] - Apache ActiveMQ 5.13.2 (localhost, ID:BEN-PLL-ST2-HP-49217-1463733922068-0:1) started
6022 [Test worker] INFO  org.apache.activemq.broker.BrokerService [] - For help or more information please see: http://activemq.apache.org
6055 [Test worker] WARN  org.apache.activemq.broker.BrokerService [] - Store limit is 102400 mb (current store usage is 0 mb). The data directory: I:\WDSR\exercise4\activemq-data\localhost\KahaDB only has 8417 mb of usable space. - resetting to maximum available disk space: 8417 mb
6076 [Test worker] WARN  org.apache.activemq.broker.BrokerService [] - Temporary Store limit is 51200 mb (current store usage is 0 mb). The data directory: I:\WDSR\exercise4\activemq-data\localhost only has 8416 mb of usable space. - resetting to maximum available disk space: 8416 mb
6659 [Test worker] INFO  wdsr.exercise4.receiver.ReceiveTest [] - Setting JMS receive timeout to 100ms
7200 [Test worker] INFO  wdsr.exercise4.receiver.ReceiveTest [] - alertText=
Timestamp=1463733923688
Stock=GOOG
Volume=500000
7213 [Test worker] INFO  org.apache.activemq.broker.TransportConnector [] - Connector vm://localhost started
7340 [Test worker] INFO  org.apache.activemq.broker.TransportConnector [] - Connector vm://localhost stopped
7348 [Test worker] INFO  org.apache.activemq.broker.BrokerService [] - Apache ActiveMQ 5.13.2 (localhost, ID:BEN-PLL-ST2-HP-49217-1463733922068-0:1) is shutting down
7349 [Test worker] INFO  org.apache.activemq.broker.TransportConnector [] - Connector tcp://localhost:62616?deleteAllMessagesOnStartup=true stopped
7357 [Test worker] INFO  org.apache.activemq.store.kahadb.plist.PListStoreImpl [] - PListStore:[I:\WDSR\exercise4\activemq-data\localhost\tmp_storage] stopped
7357 [Test worker] INFO  org.apache.activemq.store.kahadb.KahaDBStore [] - Stopping async queue tasks
7358 [Test worker] INFO  org.apache.activemq.store.kahadb.KahaDBStore [] - Stopping async topic tasks
7358 [Test worker] INFO  org.apache.activemq.store.kahadb.KahaDBStore [] - Stopped KahaDB
7896 [Test worker] INFO  org.apache.activemq.broker.BrokerService [] - Apache ActiveMQ 5.13.2 (localhost, ID:BEN-PLL-ST2-HP-49217-1463733922068-0:1) uptime 3.709 seconds
7896 [Test worker] INFO  org.apache.activemq.broker.BrokerService [] - Apache ActiveMQ 5.13.2 (localhost, ID:BEN-PLL-ST2-HP-49217-1463733922068-0:1) is shutdown
8255 [Test worker] INFO  org.apache.activemq.broker.BrokerService [] - Using Persistence Adapter: KahaDBPersistenceAdapter[I:\WDSR\exercise4\activemq-data\localhost\KahaDB]
8259 [JMX connector] INFO  org.apache.activemq.broker.jmx.ManagementContext [] - JMX consoles can connect to service:jmx:rmi:///jndi/rmi://localhost:1099/jmxrmi
8560 [Test worker] INFO  org.apache.activemq.store.kahadb.MessageDatabase [] - KahaDB is version 6
8567 [Test worker] INFO  org.apache.activemq.store.kahadb.MessageDatabase [] - Recovering from the journal @1:823845
8567 [Test worker] INFO  org.apache.activemq.store.kahadb.MessageDatabase [] - Recovery replayed 1 operations from the journal in 0.005 seconds.
8572 [Test worker] INFO  org.apache.activemq.store.kahadb.plist.PListStoreImpl [] - PListStore:[I:\WDSR\exercise4\activemq-data\localhost\tmp_storage] started
8573 [Test worker] INFO  org.apache.activemq.broker.BrokerService [] - Apache ActiveMQ 5.13.2 (localhost, ID:BEN-PLL-ST2-HP-49217-1463733922068-0:2) is starting
8602 [Test worker] INFO  org.apache.activemq.transport.TransportServerThreadSupport [] - Listening for connections at: tcp://127.0.0.1:62616?deleteAllMessagesOnStartup=true
8603 [Test worker] INFO  org.apache.activemq.broker.TransportConnector [] - Connector tcp://localhost:62616?deleteAllMessagesOnStartup=true started
8604 [Test worker] INFO  org.apache.activemq.broker.BrokerService [] - Apache ActiveMQ 5.13.2 (localhost, ID:BEN-PLL-ST2-HP-49217-1463733922068-0:2) started
8604 [Test worker] INFO  org.apache.activemq.broker.BrokerService [] - For help or more information please see: http://activemq.apache.org
8712 [Test worker] WARN  org.apache.activemq.broker.BrokerService [] - Store limit is 102400 mb (current store usage is 0 mb). The data directory: I:\WDSR\exercise4\activemq-data\localhost\KahaDB only has 8417 mb of usable space. - resetting to maximum available disk space: 8417 mb
8737 [Test worker] WARN  org.apache.activemq.broker.BrokerService [] - Temporary Store limit is 51200 mb (current store usage is 0 mb). The data directory: I:\WDSR\exercise4\activemq-data\localhost only has 8416 mb of usable space. - resetting to maximum available disk space: 8416 mb
8777 [Test worker] INFO  wdsr.exercise4.receiver.ReceiveTest [] - Setting JMS receive timeout to 100ms
8922 [Test worker] INFO  org.apache.activemq.broker.TransportConnector [] - Connector vm://localhost started
8996 [Test worker] INFO  org.apache.activemq.broker.TransportConnector [] - Connector vm://localhost stopped
8999 [Test worker] INFO  org.apache.activemq.broker.BrokerService [] - Apache ActiveMQ 5.13.2 (localhost, ID:BEN-PLL-ST2-HP-49217-1463733922068-0:2) is shutting down
9001 [Test worker] INFO  org.apache.activemq.broker.TransportConnector [] - Connector tcp://localhost:62616?deleteAllMessagesOnStartup=true stopped
9002 [Test worker] INFO  org.apache.activemq.store.kahadb.plist.PListStoreImpl [] - PListStore:[I:\WDSR\exercise4\activemq-data\localhost\tmp_storage] stopped
9002 [Test worker] INFO  org.apache.activemq.store.kahadb.KahaDBStore [] - Stopping async queue tasks
9002 [Test worker] INFO  org.apache.activemq.store.kahadb.KahaDBStore [] - Stopping async topic tasks
9003 [Test worker] INFO  org.apache.activemq.store.kahadb.KahaDBStore [] - Stopped KahaDB
9414 [Test worker] INFO  org.apache.activemq.broker.BrokerService [] - Apache ActiveMQ 5.13.2 (localhost, ID:BEN-PLL-ST2-HP-49217-1463733922068-0:2) uptime 1.175 seconds
9415 [Test worker] INFO  org.apache.activemq.broker.BrokerService [] - Apache ActiveMQ 5.13.2 (localhost, ID:BEN-PLL-ST2-HP-49217-1463733922068-0:2) is shutdown
9727 [Test worker] INFO  org.apache.activemq.broker.BrokerService [] - Using Persistence Adapter: KahaDBPersistenceAdapter[I:\WDSR\exercise4\activemq-data\localhost\KahaDB]
9731 [JMX connector] INFO  org.apache.activemq.broker.jmx.ManagementContext [] - JMX consoles can connect to service:jmx:rmi:///jndi/rmi://localhost:1099/jmxrmi
10138 [Test worker] INFO  org.apache.activemq.store.kahadb.MessageDatabase [] - KahaDB is version 6
10155 [Test worker] INFO  org.apache.activemq.store.kahadb.MessageDatabase [] - Recovering from the journal @1:834275
10156 [Test worker] INFO  org.apache.activemq.store.kahadb.MessageDatabase [] - Recovery replayed 1 operations from the journal in 0.015 seconds.
10157 [Test worker] INFO  org.apache.activemq.store.kahadb.plist.PListStoreImpl [] - PListStore:[I:\WDSR\exercise4\activemq-data\localhost\tmp_storage] started
10158 [Test worker] INFO  org.apache.activemq.broker.BrokerService [] - Apache ActiveMQ 5.13.2 (localhost, ID:BEN-PLL-ST2-HP-49217-1463733922068-0:3) is starting
10180 [Test worker] INFO  org.apache.activemq.transport.TransportServerThreadSupport [] - Listening for connections at: tcp://127.0.0.1:62616?deleteAllMessagesOnStartup=true
10181 [Test worker] INFO  org.apache.activemq.broker.TransportConnector [] - Connector tcp://localhost:62616?deleteAllMessagesOnStartup=true started
10182 [Test worker] INFO  org.apache.activemq.broker.BrokerService [] - Apache ActiveMQ 5.13.2 (localhost, ID:BEN-PLL-ST2-HP-49217-1463733922068-0:3) started
10182 [Test worker] INFO  org.apache.activemq.broker.BrokerService [] - For help or more information please see: http://activemq.apache.org
10209 [Test worker] WARN  org.apache.activemq.broker.BrokerService [] - Store limit is 102400 mb (current store usage is 0 mb). The data directory: I:\WDSR\exercise4\activemq-data\localhost\KahaDB only has 8417 mb of usable space. - resetting to maximum available disk space: 8417 mb
10232 [Test worker] WARN  org.apache.activemq.broker.BrokerService [] - Temporary Store limit is 51200 mb (current store usage is 0 mb). The data directory: I:\WDSR\exercise4\activemq-data\localhost only has 8416 mb of usable space. - resetting to maximum available disk space: 8416 mb
10263 [Test worker] INFO  wdsr.exercise4.receiver.ReceiveTest [] - Setting JMS receive timeout to 100ms
10393 [Test worker] INFO  org.apache.activemq.broker.TransportConnector [] - Connector vm://localhost started
10464 [Test worker] INFO  org.apache.activemq.broker.TransportConnector [] - Connector vm://localhost stopped
10466 [Test worker] INFO  org.apache.activemq.broker.BrokerService [] - Apache ActiveMQ 5.13.2 (localhost, ID:BEN-PLL-ST2-HP-49217-1463733922068-0:3) is shutting down
10467 [Test worker] INFO  org.apache.activemq.broker.TransportConnector [] - Connector tcp://localhost:62616?deleteAllMessagesOnStartup=true stopped
10541 [Test worker] INFO  org.apache.activemq.store.kahadb.plist.PListStoreImpl [] - PListStore:[I:\WDSR\exercise4\activemq-data\localhost\tmp_storage] stopped
10541 [Test worker] INFO  org.apache.activemq.store.kahadb.KahaDBStore [] - Stopping async queue tasks
10541 [Test worker] INFO  org.apache.activemq.store.kahadb.KahaDBStore [] - Stopping async topic tasks
10541 [Test worker] INFO  org.apache.activemq.store.kahadb.KahaDBStore [] - Stopped KahaDB
10644 [Test worker] INFO  org.apache.activemq.broker.BrokerService [] - Apache ActiveMQ 5.13.2 (localhost, ID:BEN-PLL-ST2-HP-49217-1463733922068-0:3) uptime 0.932 seconds
10644 [Test worker] INFO  org.apache.activemq.broker.BrokerService [] - Apache ActiveMQ 5.13.2 (localhost, ID:BEN-PLL-ST2-HP-49217-1463733922068-0:3) is shutdown
10835 [Test worker] INFO  org.apache.activemq.broker.BrokerService [] - Using Persistence Adapter: KahaDBPersistenceAdapter[I:\WDSR\exercise4\activemq-data\localhost\KahaDB]
10842 [JMX connector] INFO  org.apache.activemq.broker.jmx.ManagementContext [] - JMX consoles can connect to service:jmx:rmi:///jndi/rmi://localhost:1099/jmxrmi
11241 [Test worker] INFO  org.apache.activemq.store.kahadb.MessageDatabase [] - KahaDB is version 6
11245 [Test worker] INFO  org.apache.activemq.store.kahadb.MessageDatabase [] - Recovering from the journal @1:844411
11245 [Test worker] INFO  org.apache.activemq.store.kahadb.MessageDatabase [] - Recovery replayed 1 operations from the journal in 0.002 seconds.
11252 [Test worker] INFO  org.apache.activemq.store.kahadb.plist.PListStoreImpl [] - PListStore:[I:\WDSR\exercise4\activemq-data\localhost\tmp_storage] started
11254 [Test worker] INFO  org.apache.activemq.broker.BrokerService [] - Apache ActiveMQ 5.13.2 (localhost, ID:BEN-PLL-ST2-HP-49217-1463733922068-0:4) is starting
11275 [Test worker] INFO  org.apache.activemq.transport.TransportServerThreadSupport [] - Listening for connections at: tcp://127.0.0.1:62616?deleteAllMessagesOnStartup=true
11276 [Test worker] INFO  org.apache.activemq.broker.TransportConnector [] - Connector tcp://localhost:62616?deleteAllMessagesOnStartup=true started
11276 [Test worker] INFO  org.apache.activemq.broker.BrokerService [] - Apache ActiveMQ 5.13.2 (localhost, ID:BEN-PLL-ST2-HP-49217-1463733922068-0:4) started
11277 [Test worker] INFO  org.apache.activemq.broker.BrokerService [] - For help or more information please see: http://activemq.apache.org
11303 [Test worker] WARN  org.apache.activemq.broker.BrokerService [] - Store limit is 102400 mb (current store usage is 0 mb). The data directory: I:\WDSR\exercise4\activemq-data\localhost\KahaDB only has 8417 mb of usable space. - resetting to maximum available disk space: 8417 mb
11324 [Test worker] WARN  org.apache.activemq.broker.BrokerService [] - Temporary Store limit is 51200 mb (current store usage is 0 mb). The data directory: I:\WDSR\exercise4\activemq-data\localhost only has 8416 mb of usable space. - resetting to maximum available disk space: 8416 mb
11358 [Test worker] INFO  wdsr.exercise4.receiver.ReceiveTest [] - Setting JMS receive timeout to 100ms
11492 [Test worker] INFO  wdsr.exercise4.receiver.ReceiveTest [] - alertText1=
Timestamp=1463733927980
Stock=GOOG
Volume=500000
11493 [Test worker] INFO  wdsr.exercise4.receiver.ReceiveTest [] - alertText2=
Timestamp=1463733927980
Stock=MSFT
Volume=500000
11493 [Test worker] INFO  org.apache.activemq.broker.TransportConnector [] - Connector vm://localhost started
11541 [Test worker] INFO  org.apache.activemq.broker.TransportConnector [] - Connector vm://localhost stopped
11544 [Test worker] INFO  org.apache.activemq.broker.BrokerService [] - Apache ActiveMQ 5.13.2 (localhost, ID:BEN-PLL-ST2-HP-49217-1463733922068-0:4) is shutting down
11545 [Test worker] INFO  org.apache.activemq.broker.TransportConnector [] - Connector tcp://localhost:62616?deleteAllMessagesOnStartup=true stopped
11546 [Test worker] INFO  org.apache.activemq.store.kahadb.plist.PListStoreImpl [] - PListStore:[I:\WDSR\exercise4\activemq-data\localhost\tmp_storage] stopped
11547 [Test worker] INFO  org.apache.activemq.store.kahadb.KahaDBStore [] - Stopping async queue tasks
11547 [Test worker] INFO  org.apache.activemq.store.kahadb.KahaDBStore [] - Stopping async topic tasks
11547 [Test worker] INFO  org.apache.activemq.store.kahadb.KahaDBStore [] - Stopped KahaDB
11747 [Test worker] INFO  org.apache.activemq.broker.BrokerService [] - Apache ActiveMQ 5.13.2 (localhost, ID:BEN-PLL-ST2-HP-49217-1463733922068-0:4) uptime 0.925 seconds
11747 [Test worker] INFO  org.apache.activemq.broker.BrokerService [] - Apache ActiveMQ 5.13.2 (localhost, ID:BEN-PLL-ST2-HP-49217-1463733922068-0:4) is shutdown
11899 [Test worker] INFO  org.apache.activemq.broker.BrokerService [] - Using Persistence Adapter: KahaDBPersistenceAdapter[I:\WDSR\exercise4\activemq-data\localhost\KahaDB]
11907 [JMX connector] INFO  org.apache.activemq.broker.jmx.ManagementContext [] - JMX consoles can connect to service:jmx:rmi:///jndi/rmi://localhost:1099/jmxrmi
12219 [Test worker] INFO  org.apache.activemq.store.kahadb.MessageDatabase [] - KahaDB is version 6
12222 [Test worker] INFO  org.apache.activemq.store.kahadb.MessageDatabase [] - Recovering from the journal @1:855246
12222 [Test worker] INFO  org.apache.activemq.store.kahadb.MessageDatabase [] - Recovery replayed 1 operations from the journal in 0.002 seconds.
12224 [Test worker] INFO  org.apache.activemq.store.kahadb.plist.PListStoreImpl [] - PListStore:[I:\WDSR\exercise4\activemq-data\localhost\tmp_storage] started
12225 [Test worker] INFO  org.apache.activemq.broker.BrokerService [] - Apache ActiveMQ 5.13.2 (localhost, ID:BEN-PLL-ST2-HP-49217-1463733922068-0:5) is starting
12249 [Test worker] INFO  org.apache.activemq.transport.TransportServerThreadSupport [] - Listening for connections at: tcp://127.0.0.1:62616?deleteAllMessagesOnStartup=true
12250 [Test worker] INFO  org.apache.activemq.broker.TransportConnector [] - Connector tcp://localhost:62616?deleteAllMessagesOnStartup=true started
12250 [Test worker] INFO  org.apache.activemq.broker.BrokerService [] - Apache ActiveMQ 5.13.2 (localhost, ID:BEN-PLL-ST2-HP-49217-1463733922068-0:5) started
12250 [Test worker] INFO  org.apache.activemq.broker.BrokerService [] - For help or more information please see: http://activemq.apache.org
12281 [Test worker] WARN  org.apache.activemq.broker.BrokerService [] - Store limit is 102400 mb (current store usage is 0 mb). The data directory: I:\WDSR\exercise4\activemq-data\localhost\KahaDB only has 8416 mb of usable space. - resetting to maximum available disk space: 8416 mb
12303 [Test worker] WARN  org.apache.activemq.broker.BrokerService [] - Temporary Store limit is 51200 mb (current store usage is 0 mb). The data directory: I:\WDSR\exercise4\activemq-data\localhost only has 8415 mb of usable space. - resetting to maximum available disk space: 8415 mb
12344 [Test worker] INFO  wdsr.exercise4.receiver.ReceiveTest [] - Setting JMS receive timeout to 100ms
12473 [Test worker] INFO  wdsr.exercise4.receiver.ReceiveTest [] - AlertText=
Timestamp=1463733928961
Stock=GOOG
Price= 10
12473 [Test worker] INFO  org.apache.activemq.broker.TransportConnector [] - Connector vm://localhost started
12505 [Test worker] INFO  org.apache.activemq.broker.TransportConnector [] - Connector vm://localhost stopped
12509 [Test worker] INFO  org.apache.activemq.broker.BrokerService [] - Apache ActiveMQ 5.13.2 (localhost, ID:BEN-PLL-ST2-HP-49217-1463733922068-0:5) is shutting down
12511 [Test worker] INFO  org.apache.activemq.broker.TransportConnector [] - Connector tcp://localhost:62616?deleteAllMessagesOnStartup=true stopped
12511 [Test worker] INFO  org.apache.activemq.store.kahadb.plist.PListStoreImpl [] - PListStore:[I:\WDSR\exercise4\activemq-data\localhost\tmp_storage] stopped
12511 [Test worker] INFO  org.apache.activemq.store.kahadb.KahaDBStore [] - Stopping async queue tasks
12512 [Test worker] INFO  org.apache.activemq.store.kahadb.KahaDBStore [] - Stopping async topic tasks
12512 [Test worker] INFO  org.apache.activemq.store.kahadb.KahaDBStore [] - Stopped KahaDB
12727 [Test worker] INFO  org.apache.activemq.broker.BrokerService [] - Apache ActiveMQ 5.13.2 (localhost, ID:BEN-PLL-ST2-HP-49217-1463733922068-0:5) uptime 0.837 seconds
12727 [Test worker] INFO  org.apache.activemq.broker.BrokerService [] - Apache ActiveMQ 5.13.2 (localhost, ID:BEN-PLL-ST2-HP-49217-1463733922068-0:5) is shutdown
]]></system-out>
  <system-err><![CDATA[May 20, 2016 10:45:17 AM org.springframework.test.context.support.DefaultTestContextBootstrapper getDefaultTestExecutionListenerClassNames
INFO: Loaded default TestExecutionListener class names from location [META-INF/spring.factories]: [org.springframework.test.context.web.ServletTestExecutionListener, org.springframework.test.context.support.DirtiesContextBeforeModesTestExecutionListener, org.springframework.test.context.support.DependencyInjectionTestExecutionListener, org.springframework.test.context.support.DirtiesContextTestExecutionListener, org.springframework.test.context.transaction.TransactionalTestExecutionListener, org.springframework.test.context.jdbc.SqlScriptsTestExecutionListener]
May 20, 2016 10:45:17 AM org.springframework.test.context.support.DefaultTestContextBootstrapper instantiateListeners
INFO: Could not instantiate TestExecutionListener [org.springframework.test.context.web.ServletTestExecutionListener]. Specify custom listener classes or make the default listener classes (and their required dependencies) available. Offending class: [org/springframework/web/context/request/RequestAttributes]
May 20, 2016 10:45:17 AM org.springframework.test.context.support.DefaultTestContextBootstrapper getTestExecutionListeners
INFO: Using TestExecutionListeners: [org.springframework.test.context.support.DirtiesContextBeforeModesTestExecutionListener@476dcd51, org.springframework.test.context.support.DependencyInjectionTestExecutionListener@21ebb202, org.springframework.test.context.support.DirtiesContextTestExecutionListener@64f281d6, org.springframework.test.context.transaction.TransactionalTestExecutionListener@1ad5f37b, org.springframework.test.context.jdbc.SqlScriptsTestExecutionListener@33fbb235]
May 20, 2016 10:45:19 AM org.springframework.beans.factory.xml.XmlBeanDefinitionReader loadBeanDefinitions
INFO: Loading XML bean definitions from class path resource [spring-receivetest-context.xml]
May 20, 2016 10:45:19 AM org.springframework.beans.factory.xml.XmlBeanDefinitionReader loadBeanDefinitions
INFO: Loading XML bean definitions from class path resource [spring-test-infrastructure.xml]
May 20, 2016 10:45:20 AM org.springframework.context.support.GenericApplicationContext prepareRefresh
INFO: Refreshing org.springframework.context.support.GenericApplicationContext@5f26afe: startup date [Fri May 20 10:45:20 CEST 2016]; root of context hierarchy
May 20, 2016 10:45:20 AM org.springframework.beans.factory.annotation.AutowiredAnnotationBeanPostProcessor <init>
INFO: JSR-330 'javax.inject.Inject' annotation found and supported for autowiring
May 20, 2016 10:45:22 AM org.springframework.context.support.DefaultLifecycleProcessor start
INFO: Starting beans in phase 2147483647
May 20, 2016 10:45:23 AM org.springframework.context.support.GenericApplicationContext doClose
INFO: Closing org.springframework.context.support.GenericApplicationContext@5f26afe: startup date [Fri May 20 10:45:20 CEST 2016]; root of context hierarchy
May 20, 2016 10:45:23 AM org.springframework.context.support.DefaultLifecycleProcessor stop
INFO: Stopping beans in phase 2147483647
May 20, 2016 10:45:24 AM org.springframework.beans.factory.xml.XmlBeanDefinitionReader loadBeanDefinitions
INFO: Loading XML bean definitions from class path resource [spring-receivetest-context.xml]
May 20, 2016 10:45:24 AM org.springframework.beans.factory.xml.XmlBeanDefinitionReader loadBeanDefinitions
INFO: Loading XML bean definitions from class path resource [spring-test-infrastructure.xml]
May 20, 2016 10:45:24 AM org.springframework.context.support.GenericApplicationContext prepareRefresh
INFO: Refreshing org.springframework.context.support.GenericApplicationContext@37d79688: startup date [Fri May 20 10:45:24 CEST 2016]; root of context hierarchy
May 20, 2016 10:45:24 AM org.springframework.beans.factory.annotation.AutowiredAnnotationBeanPostProcessor <init>
INFO: JSR-330 'javax.inject.Inject' annotation found and supported for autowiring
May 20, 2016 10:45:25 AM org.springframework.context.support.DefaultLifecycleProcessor start
INFO: Starting beans in phase 2147483647
May 20, 2016 10:45:25 AM org.springframework.context.support.GenericApplicationContext doClose
INFO: Closing org.springframework.context.support.GenericApplicationContext@37d79688: startup date [Fri May 20 10:45:24 CEST 2016]; root of context hierarchy
May 20, 2016 10:45:25 AM org.springframework.context.support.DefaultLifecycleProcessor stop
INFO: Stopping beans in phase 2147483647
May 20, 2016 10:45:25 AM org.springframework.beans.factory.xml.XmlBeanDefinitionReader loadBeanDefinitions
INFO: Loading XML bean definitions from class path resource [spring-receivetest-context.xml]
May 20, 2016 10:45:25 AM org.springframework.beans.factory.xml.XmlBeanDefinitionReader loadBeanDefinitions
INFO: Loading XML bean definitions from class path resource [spring-test-infrastructure.xml]
May 20, 2016 10:45:26 AM org.springframework.context.support.GenericApplicationContext prepareRefresh
INFO: Refreshing org.springframework.context.support.GenericApplicationContext@126227ef: startup date [Fri May 20 10:45:26 CEST 2016]; root of context hierarchy
May 20, 2016 10:45:26 AM org.springframework.beans.factory.annotation.AutowiredAnnotationBeanPostProcessor <init>
INFO: JSR-330 'javax.inject.Inject' annotation found and supported for autowiring
May 20, 2016 10:45:26 AM org.springframework.context.support.DefaultLifecycleProcessor start
INFO: Starting beans in phase 2147483647
May 20, 2016 10:45:26 AM org.springframework.context.support.GenericApplicationContext doClose
INFO: Closing org.springframework.context.support.GenericApplicationContext@126227ef: startup date [Fri May 20 10:45:26 CEST 2016]; root of context hierarchy
May 20, 2016 10:45:26 AM org.springframework.context.support.DefaultLifecycleProcessor stop
INFO: Stopping beans in phase 2147483647
May 20, 2016 10:45:27 AM org.springframework.beans.factory.xml.XmlBeanDefinitionReader loadBeanDefinitions
INFO: Loading XML bean definitions from class path resource [spring-receivetest-context.xml]
May 20, 2016 10:45:27 AM org.springframework.beans.factory.xml.XmlBeanDefinitionReader loadBeanDefinitions
INFO: Loading XML bean definitions from class path resource [spring-test-infrastructure.xml]
May 20, 2016 10:45:27 AM org.springframework.context.support.GenericApplicationContext prepareRefresh
INFO: Refreshing org.springframework.context.support.GenericApplicationContext@229254ef: startup date [Fri May 20 10:45:27 CEST 2016]; root of context hierarchy
May 20, 2016 10:45:27 AM org.springframework.beans.factory.annotation.AutowiredAnnotationBeanPostProcessor <init>
INFO: JSR-330 'javax.inject.Inject' annotation found and supported for autowiring
May 20, 2016 10:45:27 AM org.springframework.context.support.DefaultLifecycleProcessor start
INFO: Starting beans in phase 2147483647
May 20, 2016 10:45:28 AM org.springframework.context.support.GenericApplicationContext doClose
INFO: Closing org.springframework.context.support.GenericApplicationContext@229254ef: startup date [Fri May 20 10:45:27 CEST 2016]; root of context hierarchy
May 20, 2016 10:45:28 AM org.springframework.context.support.DefaultLifecycleProcessor stop
INFO: Stopping beans in phase 2147483647
May 20, 2016 10:45:28 AM org.springframework.beans.factory.xml.XmlBeanDefinitionReader loadBeanDefinitions
INFO: Loading XML bean definitions from class path resource [spring-receivetest-context.xml]
May 20, 2016 10:45:28 AM org.springframework.beans.factory.xml.XmlBeanDefinitionReader loadBeanDefinitions
INFO: Loading XML bean definitions from class path resource [spring-test-infrastructure.xml]
May 20, 2016 10:45:28 AM org.springframework.context.support.GenericApplicationContext prepareRefresh
INFO: Refreshing org.springframework.context.support.GenericApplicationContext@5155056c: startup date [Fri May 20 10:45:28 CEST 2016]; root of context hierarchy
May 20, 2016 10:45:28 AM org.springframework.beans.factory.annotation.AutowiredAnnotationBeanPostProcessor <init>
INFO: JSR-330 'javax.inject.Inject' annotation found and supported for autowiring
May 20, 2016 10:45:28 AM org.springframework.context.support.DefaultLifecycleProcessor start
INFO: Starting beans in phase 2147483647
May 20, 2016 10:45:28 AM org.springframework.context.support.GenericApplicationContext doClose
INFO: Closing org.springframework.context.support.GenericApplicationContext@5155056c: startup date [Fri May 20 10:45:28 CEST 2016]; root of context hierarchy
May 20, 2016 10:45:28 AM org.springframework.context.support.DefaultLifecycleProcessor stop
INFO: Stopping beans in phase 2147483647
]]></system-err>
</testsuite>
