<?xml version="1.0" encoding="UTF-8"?>
<testsuite name="wdsr.exercise4.receiver.ReceiveTest" tests="5" skipped="0" failures="0" errors="0" timestamp="2016-05-20T09:09:55" hostname="BEN-PLL-ST2-HP" time="6.834">
  <properties/>
  <testcase name="shouldReceiveFromQueue_whenVolumeAlertTextSent" classname="wdsr.exercise4.receiver.ReceiveTest" time="1.077"/>
  <testcase name="shouldReceiveFromQueue_whenPriceAlertObjectSent" classname="wdsr.exercise4.receiver.ReceiveTest" time="0.83"/>
  <testcase name="shouldReceiveFromQueue_whenVolumeAlertObjectSent" classname="wdsr.exercise4.receiver.ReceiveTest" time="0.369"/>
  <testcase name="shouldReceiveAllFromQueue_whenMoreThanOneMessageSent" classname="wdsr.exercise4.receiver.ReceiveTest" time="0.596"/>
  <testcase name="shouldReceiveFromQueue_whenPriceAlertTextSent" classname="wdsr.exercise4.receiver.ReceiveTest" time="0.395"/>
  <system-out><![CDATA[5274 [Test worker] INFO  org.apache.activemq.broker.BrokerService [] - Using Persistence Adapter: KahaDBPersistenceAdapter[I:\WDSR\exercise4\activemq-data\localhost\KahaDB]
5297 [JMX connector] INFO  org.apache.activemq.broker.jmx.ManagementContext [] - JMX consoles can connect to service:jmx:rmi:///jndi/rmi://localhost:1099/jmxrmi
5879 [Test worker] INFO  org.apache.activemq.store.kahadb.MessageDatabase [] - KahaDB is version 6
5974 [Test worker] INFO  org.apache.activemq.store.kahadb.MessageDatabase [] - Recovering from the journal @1:972976
5975 [Test worker] INFO  org.apache.activemq.store.kahadb.MessageDatabase [] - Recovery replayed 1 operations from the journal in 0.055 seconds.
6008 [Test worker] INFO  org.apache.activemq.store.kahadb.plist.PListStoreImpl [] - PListStore:[I:\WDSR\exercise4\activemq-data\localhost\tmp_storage] started
6300 [Test worker] INFO  org.apache.activemq.broker.BrokerService [] - Apache ActiveMQ 5.13.2 (localhost, ID:BEN-PLL-ST2-HP-49538-1463735394548-0:1) is starting
6532 [Test worker] INFO  org.apache.activemq.transport.TransportServerThreadSupport [] - Listening for connections at: tcp://127.0.0.1:62616?deleteAllMessagesOnStartup=true
6533 [Test worker] INFO  org.apache.activemq.broker.TransportConnector [] - Connector tcp://localhost:62616?deleteAllMessagesOnStartup=true started
6534 [Test worker] INFO  org.apache.activemq.broker.BrokerService [] - Apache ActiveMQ 5.13.2 (localhost, ID:BEN-PLL-ST2-HP-49538-1463735394548-0:1) started
6535 [Test worker] INFO  org.apache.activemq.broker.BrokerService [] - For help or more information please see: http://activemq.apache.org
6569 [Test worker] WARN  org.apache.activemq.broker.BrokerService [] - Store limit is 102400 mb (current store usage is 1 mb). The data directory: I:\WDSR\exercise4\activemq-data\localhost\KahaDB only has 8410 mb of usable space. - resetting to maximum available disk space: 8410 mb
6588 [Test worker] WARN  org.apache.activemq.broker.BrokerService [] - Temporary Store limit is 51200 mb (current store usage is 0 mb). The data directory: I:\WDSR\exercise4\activemq-data\localhost only has 8409 mb of usable space. - resetting to maximum available disk space: 8409 mb
6866 [Test worker] INFO  wdsr.exercise4.receiver.ReceiveTest [] - Setting JMS receive timeout to 100ms
7257 [Test worker] INFO  wdsr.exercise4.receiver.ReceiveTest [] - alertText=
Timestamp=1463735395705
Stock=GOOG
Volume=500000
7269 [Test worker] INFO  org.apache.activemq.broker.TransportConnector [] - Connector vm://localhost started
7449 [Test worker] INFO  org.apache.activemq.broker.TransportConnector [] - Connector vm://localhost stopped
7455 [Test worker] INFO  org.apache.activemq.broker.BrokerService [] - Apache ActiveMQ 5.13.2 (localhost, ID:BEN-PLL-ST2-HP-49538-1463735394548-0:1) is shutting down
7459 [Test worker] INFO  org.apache.activemq.broker.TransportConnector [] - Connector tcp://localhost:62616?deleteAllMessagesOnStartup=true stopped
7466 [Test worker] INFO  org.apache.activemq.store.kahadb.plist.PListStoreImpl [] - PListStore:[I:\WDSR\exercise4\activemq-data\localhost\tmp_storage] stopped
7466 [Test worker] INFO  org.apache.activemq.store.kahadb.KahaDBStore [] - Stopping async queue tasks
7466 [Test worker] INFO  org.apache.activemq.store.kahadb.KahaDBStore [] - Stopping async topic tasks
7466 [Test worker] INFO  org.apache.activemq.store.kahadb.KahaDBStore [] - Stopped KahaDB
7928 [Test worker] INFO  org.apache.activemq.broker.BrokerService [] - Apache ActiveMQ 5.13.2 (localhost, ID:BEN-PLL-ST2-HP-49538-1463735394548-0:1) uptime 3.189 seconds
7928 [Test worker] INFO  org.apache.activemq.broker.BrokerService [] - Apache ActiveMQ 5.13.2 (localhost, ID:BEN-PLL-ST2-HP-49538-1463735394548-0:1) is shutdown
8250 [Test worker] INFO  org.apache.activemq.broker.BrokerService [] - Using Persistence Adapter: KahaDBPersistenceAdapter[I:\WDSR\exercise4\activemq-data\localhost\KahaDB]
8259 [JMX connector] INFO  org.apache.activemq.broker.jmx.ManagementContext [] - JMX consoles can connect to service:jmx:rmi:///jndi/rmi://localhost:1099/jmxrmi
8631 [Test worker] INFO  org.apache.activemq.store.kahadb.MessageDatabase [] - KahaDB is version 6
8638 [Test worker] INFO  org.apache.activemq.store.kahadb.MessageDatabase [] - Recovering from the journal @1:983092
8639 [Test worker] INFO  org.apache.activemq.store.kahadb.MessageDatabase [] - Recovery replayed 1 operations from the journal in 0.006 seconds.
8642 [Test worker] INFO  org.apache.activemq.store.kahadb.plist.PListStoreImpl [] - PListStore:[I:\WDSR\exercise4\activemq-data\localhost\tmp_storage] started
8643 [Test worker] INFO  org.apache.activemq.broker.BrokerService [] - Apache ActiveMQ 5.13.2 (localhost, ID:BEN-PLL-ST2-HP-49538-1463735394548-0:2) is starting
8695 [Test worker] INFO  org.apache.activemq.transport.TransportServerThreadSupport [] - Listening for connections at: tcp://127.0.0.1:62616?deleteAllMessagesOnStartup=true
8702 [Test worker] INFO  org.apache.activemq.broker.TransportConnector [] - Connector tcp://localhost:62616?deleteAllMessagesOnStartup=true started
8703 [Test worker] INFO  org.apache.activemq.broker.BrokerService [] - Apache ActiveMQ 5.13.2 (localhost, ID:BEN-PLL-ST2-HP-49538-1463735394548-0:2) started
8703 [Test worker] INFO  org.apache.activemq.broker.BrokerService [] - For help or more information please see: http://activemq.apache.org
8736 [Test worker] WARN  org.apache.activemq.broker.BrokerService [] - Store limit is 102400 mb (current store usage is 1 mb). The data directory: I:\WDSR\exercise4\activemq-data\localhost\KahaDB only has 8410 mb of usable space. - resetting to maximum available disk space: 8410 mb
8756 [Test worker] WARN  org.apache.activemq.broker.BrokerService [] - Temporary Store limit is 51200 mb (current store usage is 0 mb). The data directory: I:\WDSR\exercise4\activemq-data\localhost only has 8409 mb of usable space. - resetting to maximum available disk space: 8409 mb
8818 [Test worker] INFO  wdsr.exercise4.receiver.ReceiveTest [] - Setting JMS receive timeout to 100ms
9091 [Test worker] INFO  org.apache.activemq.broker.TransportConnector [] - Connector vm://localhost started
9159 [Test worker] INFO  org.apache.activemq.broker.TransportConnector [] - Connector vm://localhost stopped
9162 [Test worker] INFO  org.apache.activemq.broker.BrokerService [] - Apache ActiveMQ 5.13.2 (localhost, ID:BEN-PLL-ST2-HP-49538-1463735394548-0:2) is shutting down
9200 [Test worker] INFO  org.apache.activemq.broker.TransportConnector [] - Connector tcp://localhost:62616?deleteAllMessagesOnStartup=true stopped
9200 [Test worker] INFO  org.apache.activemq.store.kahadb.plist.PListStoreImpl [] - PListStore:[I:\WDSR\exercise4\activemq-data\localhost\tmp_storage] stopped
9201 [Test worker] INFO  org.apache.activemq.store.kahadb.KahaDBStore [] - Stopping async queue tasks
9201 [Test worker] INFO  org.apache.activemq.store.kahadb.KahaDBStore [] - Stopping async topic tasks
9201 [Test worker] INFO  org.apache.activemq.store.kahadb.KahaDBStore [] - Stopped KahaDB
9642 [Test worker] INFO  org.apache.activemq.broker.BrokerService [] - Apache ActiveMQ 5.13.2 (localhost, ID:BEN-PLL-ST2-HP-49538-1463735394548-0:2) uptime 1.410 seconds
9643 [Test worker] INFO  org.apache.activemq.broker.BrokerService [] - Apache ActiveMQ 5.13.2 (localhost, ID:BEN-PLL-ST2-HP-49538-1463735394548-0:2) is shutdown
9894 [Test worker] INFO  org.apache.activemq.broker.BrokerService [] - Using Persistence Adapter: KahaDBPersistenceAdapter[I:\WDSR\exercise4\activemq-data\localhost\KahaDB]
9936 [JMX connector] INFO  org.apache.activemq.broker.jmx.ManagementContext [] - JMX consoles can connect to service:jmx:rmi:///jndi/rmi://localhost:1099/jmxrmi
10370 [Test worker] INFO  org.apache.activemq.store.kahadb.MessageDatabase [] - KahaDB is version 6
10377 [Test worker] INFO  org.apache.activemq.store.kahadb.MessageDatabase [] - Recovering from the journal @1:993592
10377 [Test worker] INFO  org.apache.activemq.store.kahadb.MessageDatabase [] - Recovery replayed 1 operations from the journal in 0.005 seconds.
10383 [Test worker] INFO  org.apache.activemq.store.kahadb.plist.PListStoreImpl [] - PListStore:[I:\WDSR\exercise4\activemq-data\localhost\tmp_storage] started
10383 [Test worker] INFO  org.apache.activemq.broker.BrokerService [] - Apache ActiveMQ 5.13.2 (localhost, ID:BEN-PLL-ST2-HP-49538-1463735394548-0:3) is starting
10407 [Test worker] INFO  org.apache.activemq.transport.TransportServerThreadSupport [] - Listening for connections at: tcp://127.0.0.1:62616?deleteAllMessagesOnStartup=true
10407 [Test worker] INFO  org.apache.activemq.broker.TransportConnector [] - Connector tcp://localhost:62616?deleteAllMessagesOnStartup=true started
10410 [Test worker] INFO  org.apache.activemq.broker.BrokerService [] - Apache ActiveMQ 5.13.2 (localhost, ID:BEN-PLL-ST2-HP-49538-1463735394548-0:3) started
10410 [Test worker] INFO  org.apache.activemq.broker.BrokerService [] - For help or more information please see: http://activemq.apache.org
10439 [Test worker] WARN  org.apache.activemq.broker.BrokerService [] - Store limit is 102400 mb (current store usage is 1 mb). The data directory: I:\WDSR\exercise4\activemq-data\localhost\KahaDB only has 8410 mb of usable space. - resetting to maximum available disk space: 8410 mb
10461 [Test worker] WARN  org.apache.activemq.broker.BrokerService [] - Temporary Store limit is 51200 mb (current store usage is 0 mb). The data directory: I:\WDSR\exercise4\activemq-data\localhost only has 8409 mb of usable space. - resetting to maximum available disk space: 8409 mb
10551 [Test worker] INFO  wdsr.exercise4.receiver.ReceiveTest [] - Setting JMS receive timeout to 100ms
10688 [Test worker] INFO  org.apache.activemq.broker.TransportConnector [] - Connector vm://localhost started
10766 [Test worker] INFO  org.apache.activemq.broker.TransportConnector [] - Connector vm://localhost stopped
10770 [Test worker] INFO  org.apache.activemq.broker.BrokerService [] - Apache ActiveMQ 5.13.2 (localhost, ID:BEN-PLL-ST2-HP-49538-1463735394548-0:3) is shutting down
10773 [Test worker] INFO  org.apache.activemq.broker.TransportConnector [] - Connector tcp://localhost:62616?deleteAllMessagesOnStartup=true stopped
10774 [Test worker] INFO  org.apache.activemq.store.kahadb.plist.PListStoreImpl [] - PListStore:[I:\WDSR\exercise4\activemq-data\localhost\tmp_storage] stopped
10775 [ActiveMQ Transport Server Thread Handler: tcp://localhost:62616?deleteAllMessagesOnStartup=true] INFO  org.apache.activemq.transport.tcp.TcpTransportServer [] - socketQueue interrupted - stopping
10775 [Test worker] INFO  org.apache.activemq.store.kahadb.KahaDBStore [] - Stopping async queue tasks
10775 [ActiveMQ Transport Server Thread Handler: tcp://localhost:62616?deleteAllMessagesOnStartup=true] ERROR org.apache.activemq.broker.TransportConnector [] - Could not accept connection : java.lang.InterruptedException
10778 [Test worker] INFO  org.apache.activemq.store.kahadb.KahaDBStore [] - Stopping async topic tasks
10781 [Test worker] INFO  org.apache.activemq.store.kahadb.KahaDBStore [] - Stopped KahaDB
10917 [Test worker] INFO  org.apache.activemq.broker.BrokerService [] - Apache ActiveMQ 5.13.2 (localhost, ID:BEN-PLL-ST2-HP-49538-1463735394548-0:3) uptime 1.032 seconds
10918 [Test worker] INFO  org.apache.activemq.broker.BrokerService [] - Apache ActiveMQ 5.13.2 (localhost, ID:BEN-PLL-ST2-HP-49538-1463735394548-0:3) is shutdown
11176 [Test worker] INFO  org.apache.activemq.broker.BrokerService [] - Using Persistence Adapter: KahaDBPersistenceAdapter[I:\WDSR\exercise4\activemq-data\localhost\KahaDB]
11186 [JMX connector] INFO  org.apache.activemq.broker.jmx.ManagementContext [] - JMX consoles can connect to service:jmx:rmi:///jndi/rmi://localhost:1099/jmxrmi
11516 [Test worker] INFO  org.apache.activemq.store.kahadb.MessageDatabase [] - KahaDB is version 6
11547 [Test worker] INFO  org.apache.activemq.store.kahadb.MessageDatabase [] - Recovering from the journal @1:1003805
11547 [Test worker] INFO  org.apache.activemq.store.kahadb.MessageDatabase [] - Recovery replayed 1 operations from the journal in 0.022 seconds.
11549 [Test worker] INFO  org.apache.activemq.store.kahadb.plist.PListStoreImpl [] - PListStore:[I:\WDSR\exercise4\activemq-data\localhost\tmp_storage] started
11550 [Test worker] INFO  org.apache.activemq.broker.BrokerService [] - Apache ActiveMQ 5.13.2 (localhost, ID:BEN-PLL-ST2-HP-49538-1463735394548-0:4) is starting
11582 [Test worker] INFO  org.apache.activemq.transport.TransportServerThreadSupport [] - Listening for connections at: tcp://127.0.0.1:62616?deleteAllMessagesOnStartup=true
11582 [Test worker] INFO  org.apache.activemq.broker.TransportConnector [] - Connector tcp://localhost:62616?deleteAllMessagesOnStartup=true started
11583 [Test worker] INFO  org.apache.activemq.broker.BrokerService [] - Apache ActiveMQ 5.13.2 (localhost, ID:BEN-PLL-ST2-HP-49538-1463735394548-0:4) started
11583 [Test worker] INFO  org.apache.activemq.broker.BrokerService [] - For help or more information please see: http://activemq.apache.org
11619 [Test worker] WARN  org.apache.activemq.broker.BrokerService [] - Store limit is 102400 mb (current store usage is 1 mb). The data directory: I:\WDSR\exercise4\activemq-data\localhost\KahaDB only has 8410 mb of usable space. - resetting to maximum available disk space: 8410 mb
11644 [Test worker] WARN  org.apache.activemq.broker.BrokerService [] - Temporary Store limit is 51200 mb (current store usage is 0 mb). The data directory: I:\WDSR\exercise4\activemq-data\localhost only has 8409 mb of usable space. - resetting to maximum available disk space: 8409 mb
11945 [Test worker] INFO  wdsr.exercise4.receiver.ReceiveTest [] - Setting JMS receive timeout to 100ms
12081 [Test worker] INFO  wdsr.exercise4.receiver.ReceiveTest [] - alertText1=
Timestamp=1463735400528
Stock=GOOG
Volume=500000
12081 [Test worker] INFO  wdsr.exercise4.receiver.ReceiveTest [] - alertText2=
Timestamp=1463735400528
Stock=MSFT
Volume=500000
12082 [Test worker] INFO  org.apache.activemq.broker.TransportConnector [] - Connector vm://localhost started
12180 [Test worker] INFO  org.apache.activemq.broker.TransportConnector [] - Connector vm://localhost stopped
12183 [Test worker] INFO  org.apache.activemq.broker.BrokerService [] - Apache ActiveMQ 5.13.2 (localhost, ID:BEN-PLL-ST2-HP-49538-1463735394548-0:4) is shutting down
12190 [Test worker] INFO  org.apache.activemq.broker.TransportConnector [] - Connector tcp://localhost:62616?deleteAllMessagesOnStartup=true stopped
12191 [Test worker] INFO  org.apache.activemq.store.kahadb.plist.PListStoreImpl [] - PListStore:[I:\WDSR\exercise4\activemq-data\localhost\tmp_storage] stopped
12191 [Test worker] INFO  org.apache.activemq.store.kahadb.KahaDBStore [] - Stopping async queue tasks
12191 [Test worker] INFO  org.apache.activemq.store.kahadb.KahaDBStore [] - Stopping async topic tasks
12191 [Test worker] INFO  org.apache.activemq.store.kahadb.KahaDBStore [] - Stopped KahaDB
12540 [Test worker] INFO  org.apache.activemq.broker.BrokerService [] - Apache ActiveMQ 5.13.2 (localhost, ID:BEN-PLL-ST2-HP-49538-1463735394548-0:4) uptime 1.373 seconds
12540 [Test worker] INFO  org.apache.activemq.broker.BrokerService [] - Apache ActiveMQ 5.13.2 (localhost, ID:BEN-PLL-ST2-HP-49538-1463735394548-0:4) is shutdown
12737 [Test worker] INFO  org.apache.activemq.broker.BrokerService [] - Using Persistence Adapter: KahaDBPersistenceAdapter[I:\WDSR\exercise4\activemq-data\localhost\KahaDB]
12744 [JMX connector] INFO  org.apache.activemq.broker.jmx.ManagementContext [] - JMX consoles can connect to service:jmx:rmi:///jndi/rmi://localhost:1099/jmxrmi
13181 [Test worker] INFO  org.apache.activemq.store.kahadb.MessageDatabase [] - KahaDB is version 6
13184 [Test worker] INFO  org.apache.activemq.store.kahadb.MessageDatabase [] - Recovering from the journal @1:1014724
13185 [Test worker] INFO  org.apache.activemq.store.kahadb.MessageDatabase [] - Recovery replayed 1 operations from the journal in 0.003 seconds.
13187 [Test worker] INFO  org.apache.activemq.store.kahadb.plist.PListStoreImpl [] - PListStore:[I:\WDSR\exercise4\activemq-data\localhost\tmp_storage] started
13187 [Test worker] INFO  org.apache.activemq.broker.BrokerService [] - Apache ActiveMQ 5.13.2 (localhost, ID:BEN-PLL-ST2-HP-49538-1463735394548-0:5) is starting
13210 [Test worker] INFO  org.apache.activemq.transport.TransportServerThreadSupport [] - Listening for connections at: tcp://127.0.0.1:62616?deleteAllMessagesOnStartup=true
13211 [Test worker] INFO  org.apache.activemq.broker.TransportConnector [] - Connector tcp://localhost:62616?deleteAllMessagesOnStartup=true started
13211 [Test worker] INFO  org.apache.activemq.broker.BrokerService [] - Apache ActiveMQ 5.13.2 (localhost, ID:BEN-PLL-ST2-HP-49538-1463735394548-0:5) started
13212 [Test worker] INFO  org.apache.activemq.broker.BrokerService [] - For help or more information please see: http://activemq.apache.org
13240 [Test worker] WARN  org.apache.activemq.broker.BrokerService [] - Store limit is 102400 mb (current store usage is 1 mb). The data directory: I:\WDSR\exercise4\activemq-data\localhost\KahaDB only has 8410 mb of usable space. - resetting to maximum available disk space: 8410 mb
13261 [Test worker] WARN  org.apache.activemq.broker.BrokerService [] - Temporary Store limit is 51200 mb (current store usage is 0 mb). The data directory: I:\WDSR\exercise4\activemq-data\localhost only has 8408 mb of usable space. - resetting to maximum available disk space: 8408 mb
13293 [Test worker] INFO  wdsr.exercise4.receiver.ReceiveTest [] - Setting JMS receive timeout to 100ms
13424 [Test worker] INFO  wdsr.exercise4.receiver.ReceiveTest [] - AlertText=
Timestamp=1463735401872
Stock=GOOG
Price= 10
13424 [Test worker] INFO  org.apache.activemq.broker.TransportConnector [] - Connector vm://localhost started
13460 [Test worker] INFO  org.apache.activemq.broker.TransportConnector [] - Connector vm://localhost stopped
13462 [Test worker] INFO  org.apache.activemq.broker.BrokerService [] - Apache ActiveMQ 5.13.2 (localhost, ID:BEN-PLL-ST2-HP-49538-1463735394548-0:5) is shutting down
13466 [Test worker] INFO  org.apache.activemq.broker.TransportConnector [] - Connector tcp://localhost:62616?deleteAllMessagesOnStartup=true stopped
13467 [Test worker] INFO  org.apache.activemq.store.kahadb.plist.PListStoreImpl [] - PListStore:[I:\WDSR\exercise4\activemq-data\localhost\tmp_storage] stopped
13467 [Test worker] INFO  org.apache.activemq.store.kahadb.KahaDBStore [] - Stopping async queue tasks
13467 [Test worker] INFO  org.apache.activemq.store.kahadb.KahaDBStore [] - Stopping async topic tasks
13467 [Test worker] INFO  org.apache.activemq.store.kahadb.KahaDBStore [] - Stopped KahaDB
13687 [Test worker] INFO  org.apache.activemq.broker.BrokerService [] - Apache ActiveMQ 5.13.2 (localhost, ID:BEN-PLL-ST2-HP-49538-1463735394548-0:5) uptime 0.961 seconds
13687 [Test worker] INFO  org.apache.activemq.broker.BrokerService [] - Apache ActiveMQ 5.13.2 (localhost, ID:BEN-PLL-ST2-HP-49538-1463735394548-0:5) is shutdown
]]></system-out>
  <system-err><![CDATA[May 20, 2016 11:09:49 AM org.springframework.test.context.support.DefaultTestContextBootstrapper getDefaultTestExecutionListenerClassNames
INFO: Loaded default TestExecutionListener class names from location [META-INF/spring.factories]: [org.springframework.test.context.web.ServletTestExecutionListener, org.springframework.test.context.support.DirtiesContextBeforeModesTestExecutionListener, org.springframework.test.context.support.DependencyInjectionTestExecutionListener, org.springframework.test.context.support.DirtiesContextTestExecutionListener, org.springframework.test.context.transaction.TransactionalTestExecutionListener, org.springframework.test.context.jdbc.SqlScriptsTestExecutionListener]
May 20, 2016 11:09:50 AM org.springframework.test.context.support.DefaultTestContextBootstrapper instantiateListeners
INFO: Could not instantiate TestExecutionListener [org.springframework.test.context.web.ServletTestExecutionListener]. Specify custom listener classes or make the default listener classes (and their required dependencies) available. Offending class: [org/springframework/web/context/request/RequestAttributes]
May 20, 2016 11:09:50 AM org.springframework.test.context.support.DefaultTestContextBootstrapper getTestExecutionListeners
INFO: Using TestExecutionListeners: [org.springframework.test.context.support.DirtiesContextBeforeModesTestExecutionListener@476dcd51, org.springframework.test.context.support.DependencyInjectionTestExecutionListener@21ebb202, org.springframework.test.context.support.DirtiesContextTestExecutionListener@64f281d6, org.springframework.test.context.transaction.TransactionalTestExecutionListener@1ad5f37b, org.springframework.test.context.jdbc.SqlScriptsTestExecutionListener@33fbb235]
May 20, 2016 11:09:51 AM org.springframework.beans.factory.xml.XmlBeanDefinitionReader loadBeanDefinitions
INFO: Loading XML bean definitions from class path resource [spring-receivetest-context.xml]
May 20, 2016 11:09:51 AM org.springframework.beans.factory.xml.XmlBeanDefinitionReader loadBeanDefinitions
INFO: Loading XML bean definitions from class path resource [spring-test-infrastructure.xml]
May 20, 2016 11:09:52 AM org.springframework.context.support.GenericApplicationContext prepareRefresh
INFO: Refreshing org.springframework.context.support.GenericApplicationContext@5f26afe: startup date [Fri May 20 11:09:52 CEST 2016]; root of context hierarchy
May 20, 2016 11:09:52 AM org.springframework.beans.factory.annotation.AutowiredAnnotationBeanPostProcessor <init>
INFO: JSR-330 'javax.inject.Inject' annotation found and supported for autowiring
May 20, 2016 11:09:55 AM org.springframework.context.support.DefaultLifecycleProcessor start
INFO: Starting beans in phase 2147483647
May 20, 2016 11:09:55 AM org.springframework.context.support.GenericApplicationContext doClose
INFO: Closing org.springframework.context.support.GenericApplicationContext@5f26afe: startup date [Fri May 20 11:09:52 CEST 2016]; root of context hierarchy
May 20, 2016 11:09:55 AM org.springframework.context.support.DefaultLifecycleProcessor stop
INFO: Stopping beans in phase 2147483647
May 20, 2016 11:09:56 AM org.springframework.beans.factory.xml.XmlBeanDefinitionReader loadBeanDefinitions
INFO: Loading XML bean definitions from class path resource [spring-receivetest-context.xml]
May 20, 2016 11:09:56 AM org.springframework.beans.factory.xml.XmlBeanDefinitionReader loadBeanDefinitions
INFO: Loading XML bean definitions from class path resource [spring-test-infrastructure.xml]
May 20, 2016 11:09:56 AM org.springframework.context.support.GenericApplicationContext prepareRefresh
INFO: Refreshing org.springframework.context.support.GenericApplicationContext@691265b6: startup date [Fri May 20 11:09:56 CEST 2016]; root of context hierarchy
May 20, 2016 11:09:56 AM org.springframework.beans.factory.annotation.AutowiredAnnotationBeanPostProcessor <init>
INFO: JSR-330 'javax.inject.Inject' annotation found and supported for autowiring
May 20, 2016 11:09:57 AM org.springframework.context.support.DefaultLifecycleProcessor start
INFO: Starting beans in phase 2147483647
May 20, 2016 11:09:57 AM org.springframework.context.support.GenericApplicationContext doClose
INFO: Closing org.springframework.context.support.GenericApplicationContext@691265b6: startup date [Fri May 20 11:09:56 CEST 2016]; root of context hierarchy
May 20, 2016 11:09:57 AM org.springframework.context.support.DefaultLifecycleProcessor stop
INFO: Stopping beans in phase 2147483647
May 20, 2016 11:09:58 AM org.springframework.beans.factory.xml.XmlBeanDefinitionReader loadBeanDefinitions
INFO: Loading XML bean definitions from class path resource [spring-receivetest-context.xml]
May 20, 2016 11:09:58 AM org.springframework.beans.factory.xml.XmlBeanDefinitionReader loadBeanDefinitions
INFO: Loading XML bean definitions from class path resource [spring-test-infrastructure.xml]
May 20, 2016 11:09:58 AM org.springframework.context.support.GenericApplicationContext prepareRefresh
INFO: Refreshing org.springframework.context.support.GenericApplicationContext@255f676: startup date [Fri May 20 11:09:58 CEST 2016]; root of context hierarchy
May 20, 2016 11:09:58 AM org.springframework.beans.factory.annotation.AutowiredAnnotationBeanPostProcessor <init>
INFO: JSR-330 'javax.inject.Inject' annotation found and supported for autowiring
May 20, 2016 11:09:58 AM org.springframework.context.support.DefaultLifecycleProcessor start
INFO: Starting beans in phase 2147483647
May 20, 2016 11:09:59 AM org.springframework.context.support.GenericApplicationContext doClose
INFO: Closing org.springframework.context.support.GenericApplicationContext@255f676: startup date [Fri May 20 11:09:58 CEST 2016]; root of context hierarchy
May 20, 2016 11:09:59 AM org.springframework.context.support.DefaultLifecycleProcessor stop
INFO: Stopping beans in phase 2147483647
May 20, 2016 11:09:59 AM org.springframework.beans.factory.xml.XmlBeanDefinitionReader loadBeanDefinitions
INFO: Loading XML bean definitions from class path resource [spring-receivetest-context.xml]
May 20, 2016 11:09:59 AM org.springframework.beans.factory.xml.XmlBeanDefinitionReader loadBeanDefinitions
INFO: Loading XML bean definitions from class path resource [spring-test-infrastructure.xml]
May 20, 2016 11:09:59 AM org.springframework.context.support.GenericApplicationContext prepareRefresh
INFO: Refreshing org.springframework.context.support.GenericApplicationContext@606b50f9: startup date [Fri May 20 11:09:59 CEST 2016]; root of context hierarchy
May 20, 2016 11:09:59 AM org.springframework.beans.factory.annotation.AutowiredAnnotationBeanPostProcessor <init>
INFO: JSR-330 'javax.inject.Inject' annotation found and supported for autowiring
May 20, 2016 11:10:00 AM org.springframework.context.support.DefaultLifecycleProcessor start
INFO: Starting beans in phase 2147483647
May 20, 2016 11:10:00 AM org.springframework.context.support.GenericApplicationContext doClose
INFO: Closing org.springframework.context.support.GenericApplicationContext@606b50f9: startup date [Fri May 20 11:09:59 CEST 2016]; root of context hierarchy
May 20, 2016 11:10:00 AM org.springframework.context.support.DefaultLifecycleProcessor stop
INFO: Stopping beans in phase 2147483647
May 20, 2016 11:10:00 AM org.springframework.beans.factory.xml.XmlBeanDefinitionReader loadBeanDefinitions
INFO: Loading XML bean definitions from class path resource [spring-receivetest-context.xml]
May 20, 2016 11:10:01 AM org.springframework.beans.factory.xml.XmlBeanDefinitionReader loadBeanDefinitions
INFO: Loading XML bean definitions from class path resource [spring-test-infrastructure.xml]
May 20, 2016 11:10:01 AM org.springframework.context.support.GenericApplicationContext prepareRefresh
INFO: Refreshing org.springframework.context.support.GenericApplicationContext@238ef751: startup date [Fri May 20 11:10:01 CEST 2016]; root of context hierarchy
May 20, 2016 11:10:01 AM org.springframework.beans.factory.annotation.AutowiredAnnotationBeanPostProcessor <init>
INFO: JSR-330 'javax.inject.Inject' annotation found and supported for autowiring
May 20, 2016 11:10:01 AM org.springframework.context.support.DefaultLifecycleProcessor start
INFO: Starting beans in phase 2147483647
May 20, 2016 11:10:01 AM org.springframework.context.support.GenericApplicationContext doClose
INFO: Closing org.springframework.context.support.GenericApplicationContext@238ef751: startup date [Fri May 20 11:10:01 CEST 2016]; root of context hierarchy
May 20, 2016 11:10:01 AM org.springframework.context.support.DefaultLifecycleProcessor stop
INFO: Stopping beans in phase 2147483647
]]></system-err>
</testsuite>
