<?xml version="1.0" encoding="UTF-8"?>
<testsuite name="wdsr.exercise4.receiver.ReceiveTest" tests="5" skipped="0" failures="0" errors="0" timestamp="2016-05-13T11:17:13" hostname="Rafał-Komputer" time="3.796">
  <properties/>
  <testcase name="shouldReceiveFromQueue_whenVolumeAlertTextSent" classname="wdsr.exercise4.receiver.ReceiveTest" time="0.564"/>
  <testcase name="shouldReceiveFromQueue_whenPriceAlertObjectSent" classname="wdsr.exercise4.receiver.ReceiveTest" time="0.449"/>
  <testcase name="shouldReceiveFromQueue_whenVolumeAlertObjectSent" classname="wdsr.exercise4.receiver.ReceiveTest" time="0.431"/>
  <testcase name="shouldReceiveAllFromQueue_whenMoreThanOneMessageSent" classname="wdsr.exercise4.receiver.ReceiveTest" time="0.446"/>
  <testcase name="shouldReceiveFromQueue_whenPriceAlertTextSent" classname="wdsr.exercise4.receiver.ReceiveTest" time="0.443"/>
  <system-out><![CDATA[2073 [Test worker] INFO  org.apache.activemq.broker.BrokerService [] - Using Persistence Adapter: KahaDBPersistenceAdapter[H:\WDSR\exercise4\activemq-data\localhost\KahaDB]
2083 [JMX connector] INFO  org.apache.activemq.broker.jmx.ManagementContext [] - JMX consoles can connect to service:jmx:rmi:///jndi/rmi://localhost:1099/jmxrmi
2363 [Test worker] INFO  org.apache.activemq.store.kahadb.MessageDatabase [] - KahaDB is version 6
2398 [Test worker] INFO  org.apache.activemq.store.kahadb.MessageDatabase [] - Recovering from the journal @1:1623268
2398 [Test worker] INFO  org.apache.activemq.store.kahadb.MessageDatabase [] - Recovery replayed 1 operations from the journal in 0.019 seconds.
2411 [Test worker] INFO  org.apache.activemq.store.kahadb.plist.PListStoreImpl [] - PListStore:[H:\WDSR\exercise4\activemq-data\localhost\tmp_storage] started
2537 [Test worker] INFO  org.apache.activemq.util.IdGenerator [] - Sanitized hostname from: Rafał-Komputer to: Rafa-Komputer
2577 [Test worker] INFO  org.apache.activemq.broker.BrokerService [] - Apache ActiveMQ 5.13.2 (localhost, ID:Rafa-Komputer-62419-1463138233079-0:1) is starting
2677 [Test worker] INFO  org.apache.activemq.transport.TransportServerThreadSupport [] - Listening for connections at: tcp://127.0.0.1:62616?deleteAllMessagesOnStartup=true
2677 [Test worker] INFO  org.apache.activemq.broker.TransportConnector [] - Connector tcp://localhost:62616?deleteAllMessagesOnStartup=true started
2678 [Test worker] INFO  org.apache.activemq.broker.BrokerService [] - Apache ActiveMQ 5.13.2 (localhost, ID:Rafa-Komputer-62419-1463138233079-0:1) started
2678 [Test worker] INFO  org.apache.activemq.broker.BrokerService [] - For help or more information please see: http://activemq.apache.org
2695 [Test worker] WARN  org.apache.activemq.broker.BrokerService [] - Store limit is 102400 mb (current store usage is 1 mb). The data directory: H:\WDSR\exercise4\activemq-data\localhost\KahaDB only has 8474 mb of usable space. - resetting to maximum available disk space: 8474 mb
2706 [Test worker] WARN  org.apache.activemq.broker.BrokerService [] - Temporary Store limit is 51200 mb (current store usage is 0 mb). The data directory: H:\WDSR\exercise4\activemq-data\localhost only has 8473 mb of usable space. - resetting to maximum available disk space: 8473 mb
2828 [Test worker] INFO  wdsr.exercise4.receiver.ReceiveTest [] - Setting JMS receive timeout to 100ms
3048 [Test worker] INFO  wdsr.exercise4.receiver.ReceiveTest [] - alertText=
Timestamp=1463138233690
Stock=GOOG
Volume=500000
3055 [Test worker] INFO  org.apache.activemq.broker.TransportConnector [] - Connector vm://localhost started
3122 [Test worker] INFO  org.apache.activemq.broker.TransportConnector [] - Connector vm://localhost stopped
3126 [Test worker] INFO  org.apache.activemq.broker.BrokerService [] - Apache ActiveMQ 5.13.2 (localhost, ID:Rafa-Komputer-62419-1463138233079-0:1) is shutting down
3127 [Test worker] INFO  org.apache.activemq.broker.TransportConnector [] - Connector tcp://localhost:62616?deleteAllMessagesOnStartup=true stopped
3129 [Test worker] INFO  org.apache.activemq.store.kahadb.plist.PListStoreImpl [] - PListStore:[H:\WDSR\exercise4\activemq-data\localhost\tmp_storage] stopped
3130 [Test worker] INFO  org.apache.activemq.store.kahadb.KahaDBStore [] - Stopping async queue tasks
3130 [Test worker] INFO  org.apache.activemq.store.kahadb.KahaDBStore [] - Stopping async topic tasks
3130 [Test worker] INFO  org.apache.activemq.store.kahadb.KahaDBStore [] - Stopped KahaDB
3383 [Test worker] INFO  org.apache.activemq.broker.BrokerService [] - Apache ActiveMQ 5.13.2 (localhost, ID:Rafa-Komputer-62419-1463138233079-0:1) uptime 1.489 seconds
3384 [Test worker] INFO  org.apache.activemq.broker.BrokerService [] - Apache ActiveMQ 5.13.2 (localhost, ID:Rafa-Komputer-62419-1463138233079-0:1) is shutdown
3493 [Test worker] INFO  org.apache.activemq.broker.BrokerService [] - Using Persistence Adapter: KahaDBPersistenceAdapter[H:\WDSR\exercise4\activemq-data\localhost\KahaDB]
3495 [JMX connector] INFO  org.apache.activemq.broker.jmx.ManagementContext [] - JMX consoles can connect to service:jmx:rmi:///jndi/rmi://localhost:1099/jmxrmi
3724 [Test worker] INFO  org.apache.activemq.store.kahadb.MessageDatabase [] - KahaDB is version 6
3727 [Test worker] INFO  org.apache.activemq.store.kahadb.MessageDatabase [] - Recovering from the journal @1:1633546
3727 [Test worker] INFO  org.apache.activemq.store.kahadb.MessageDatabase [] - Recovery replayed 1 operations from the journal in 0.002 seconds.
3728 [Test worker] INFO  org.apache.activemq.store.kahadb.plist.PListStoreImpl [] - PListStore:[H:\WDSR\exercise4\activemq-data\localhost\tmp_storage] started
3728 [Test worker] INFO  org.apache.activemq.broker.BrokerService [] - Apache ActiveMQ 5.13.2 (localhost, ID:Rafa-Komputer-62419-1463138233079-0:2) is starting
3741 [Test worker] INFO  org.apache.activemq.transport.TransportServerThreadSupport [] - Listening for connections at: tcp://127.0.0.1:62616?deleteAllMessagesOnStartup=true
3742 [Test worker] INFO  org.apache.activemq.broker.TransportConnector [] - Connector tcp://localhost:62616?deleteAllMessagesOnStartup=true started
3742 [Test worker] INFO  org.apache.activemq.broker.BrokerService [] - Apache ActiveMQ 5.13.2 (localhost, ID:Rafa-Komputer-62419-1463138233079-0:2) started
3742 [Test worker] INFO  org.apache.activemq.broker.BrokerService [] - For help or more information please see: http://activemq.apache.org
3758 [Test worker] WARN  org.apache.activemq.broker.BrokerService [] - Store limit is 102400 mb (current store usage is 1 mb). The data directory: H:\WDSR\exercise4\activemq-data\localhost\KahaDB only has 8474 mb of usable space. - resetting to maximum available disk space: 8474 mb
3769 [Test worker] WARN  org.apache.activemq.broker.BrokerService [] - Temporary Store limit is 51200 mb (current store usage is 0 mb). The data directory: H:\WDSR\exercise4\activemq-data\localhost only has 8473 mb of usable space. - resetting to maximum available disk space: 8473 mb
3787 [Test worker] INFO  wdsr.exercise4.receiver.ReceiveTest [] - Setting JMS receive timeout to 100ms
3901 [Test worker] INFO  org.apache.activemq.broker.TransportConnector [] - Connector vm://localhost started
3925 [Test worker] INFO  org.apache.activemq.broker.TransportConnector [] - Connector vm://localhost stopped
3927 [Test worker] INFO  org.apache.activemq.broker.BrokerService [] - Apache ActiveMQ 5.13.2 (localhost, ID:Rafa-Komputer-62419-1463138233079-0:2) is shutting down
3927 [Test worker] INFO  org.apache.activemq.broker.TransportConnector [] - Connector tcp://localhost:62616?deleteAllMessagesOnStartup=true stopped
3928 [Test worker] INFO  org.apache.activemq.store.kahadb.plist.PListStoreImpl [] - PListStore:[H:\WDSR\exercise4\activemq-data\localhost\tmp_storage] stopped
3928 [Test worker] INFO  org.apache.activemq.store.kahadb.KahaDBStore [] - Stopping async queue tasks
3928 [Test worker] INFO  org.apache.activemq.store.kahadb.KahaDBStore [] - Stopping async topic tasks
3928 [Test worker] INFO  org.apache.activemq.store.kahadb.KahaDBStore [] - Stopped KahaDB
4234 [Test worker] INFO  org.apache.activemq.broker.BrokerService [] - Apache ActiveMQ 5.13.2 (localhost, ID:Rafa-Komputer-62419-1463138233079-0:2) uptime 0.747 seconds
4235 [Test worker] INFO  org.apache.activemq.broker.BrokerService [] - Apache ActiveMQ 5.13.2 (localhost, ID:Rafa-Komputer-62419-1463138233079-0:2) is shutdown
4308 [Test worker] INFO  org.apache.activemq.broker.BrokerService [] - Using Persistence Adapter: KahaDBPersistenceAdapter[H:\WDSR\exercise4\activemq-data\localhost\KahaDB]
4309 [JMX connector] INFO  org.apache.activemq.broker.jmx.ManagementContext [] - JMX consoles can connect to service:jmx:rmi:///jndi/rmi://localhost:1099/jmxrmi
4527 [Test worker] INFO  org.apache.activemq.store.kahadb.MessageDatabase [] - KahaDB is version 6
4534 [Test worker] INFO  org.apache.activemq.store.kahadb.MessageDatabase [] - Recovering from the journal @1:1644201
4534 [Test worker] INFO  org.apache.activemq.store.kahadb.MessageDatabase [] - Recovery replayed 1 operations from the journal in 0.006 seconds.
4535 [Test worker] INFO  org.apache.activemq.store.kahadb.plist.PListStoreImpl [] - PListStore:[H:\WDSR\exercise4\activemq-data\localhost\tmp_storage] started
4536 [Test worker] INFO  org.apache.activemq.broker.BrokerService [] - Apache ActiveMQ 5.13.2 (localhost, ID:Rafa-Komputer-62419-1463138233079-0:3) is starting
4551 [Test worker] INFO  org.apache.activemq.transport.TransportServerThreadSupport [] - Listening for connections at: tcp://127.0.0.1:62616?deleteAllMessagesOnStartup=true
4551 [Test worker] INFO  org.apache.activemq.broker.TransportConnector [] - Connector tcp://localhost:62616?deleteAllMessagesOnStartup=true started
4551 [Test worker] INFO  org.apache.activemq.broker.BrokerService [] - Apache ActiveMQ 5.13.2 (localhost, ID:Rafa-Komputer-62419-1463138233079-0:3) started
4551 [Test worker] INFO  org.apache.activemq.broker.BrokerService [] - For help or more information please see: http://activemq.apache.org
4568 [Test worker] WARN  org.apache.activemq.broker.BrokerService [] - Store limit is 102400 mb (current store usage is 1 mb). The data directory: H:\WDSR\exercise4\activemq-data\localhost\KahaDB only has 8474 mb of usable space. - resetting to maximum available disk space: 8474 mb
4580 [Test worker] WARN  org.apache.activemq.broker.BrokerService [] - Temporary Store limit is 51200 mb (current store usage is 0 mb). The data directory: H:\WDSR\exercise4\activemq-data\localhost only has 8473 mb of usable space. - resetting to maximum available disk space: 8473 mb
4599 [Test worker] INFO  wdsr.exercise4.receiver.ReceiveTest [] - Setting JMS receive timeout to 100ms
4714 [Test worker] INFO  org.apache.activemq.broker.TransportConnector [] - Connector vm://localhost started
4740 [Test worker] INFO  org.apache.activemq.broker.TransportConnector [] - Connector vm://localhost stopped
4742 [Test worker] INFO  org.apache.activemq.broker.BrokerService [] - Apache ActiveMQ 5.13.2 (localhost, ID:Rafa-Komputer-62419-1463138233079-0:3) is shutting down
4743 [Test worker] INFO  org.apache.activemq.broker.TransportConnector [] - Connector tcp://localhost:62616?deleteAllMessagesOnStartup=true stopped
4744 [Test worker] INFO  org.apache.activemq.store.kahadb.plist.PListStoreImpl [] - PListStore:[H:\WDSR\exercise4\activemq-data\localhost\tmp_storage] stopped
4744 [Test worker] INFO  org.apache.activemq.store.kahadb.KahaDBStore [] - Stopping async queue tasks
4744 [Test worker] INFO  org.apache.activemq.store.kahadb.KahaDBStore [] - Stopping async topic tasks
4744 [Test worker] INFO  org.apache.activemq.store.kahadb.KahaDBStore [] - Stopped KahaDB
5029 [Test worker] INFO  org.apache.activemq.broker.BrokerService [] - Apache ActiveMQ 5.13.2 (localhost, ID:Rafa-Komputer-62419-1463138233079-0:3) uptime 0.726 seconds
5029 [Test worker] INFO  org.apache.activemq.broker.BrokerService [] - Apache ActiveMQ 5.13.2 (localhost, ID:Rafa-Komputer-62419-1463138233079-0:3) is shutdown
5103 [Test worker] INFO  org.apache.activemq.broker.BrokerService [] - Using Persistence Adapter: KahaDBPersistenceAdapter[H:\WDSR\exercise4\activemq-data\localhost\KahaDB]
5104 [JMX connector] INFO  org.apache.activemq.broker.jmx.ManagementContext [] - JMX consoles can connect to service:jmx:rmi:///jndi/rmi://localhost:1099/jmxrmi
5314 [Test worker] INFO  org.apache.activemq.store.kahadb.MessageDatabase [] - KahaDB is version 6
5315 [Test worker] INFO  org.apache.activemq.store.kahadb.MessageDatabase [] - Recovering from the journal @1:1654561
5316 [Test worker] INFO  org.apache.activemq.store.kahadb.MessageDatabase [] - Recovery replayed 1 operations from the journal in 0.002 seconds.
5319 [Test worker] INFO  org.apache.activemq.store.kahadb.plist.PListStoreImpl [] - PListStore:[H:\WDSR\exercise4\activemq-data\localhost\tmp_storage] started
5320 [Test worker] INFO  org.apache.activemq.broker.BrokerService [] - Apache ActiveMQ 5.13.2 (localhost, ID:Rafa-Komputer-62419-1463138233079-0:4) is starting
5329 [Test worker] INFO  org.apache.activemq.transport.TransportServerThreadSupport [] - Listening for connections at: tcp://127.0.0.1:62616?deleteAllMessagesOnStartup=true
5329 [Test worker] INFO  org.apache.activemq.broker.TransportConnector [] - Connector tcp://localhost:62616?deleteAllMessagesOnStartup=true started
5329 [Test worker] INFO  org.apache.activemq.broker.BrokerService [] - Apache ActiveMQ 5.13.2 (localhost, ID:Rafa-Komputer-62419-1463138233079-0:4) started
5329 [Test worker] INFO  org.apache.activemq.broker.BrokerService [] - For help or more information please see: http://activemq.apache.org
5344 [Test worker] WARN  org.apache.activemq.broker.BrokerService [] - Store limit is 102400 mb (current store usage is 1 mb). The data directory: H:\WDSR\exercise4\activemq-data\localhost\KahaDB only has 8474 mb of usable space. - resetting to maximum available disk space: 8474 mb
5356 [Test worker] WARN  org.apache.activemq.broker.BrokerService [] - Temporary Store limit is 51200 mb (current store usage is 0 mb). The data directory: H:\WDSR\exercise4\activemq-data\localhost only has 8472 mb of usable space. - resetting to maximum available disk space: 8472 mb
5371 [Test worker] INFO  wdsr.exercise4.receiver.ReceiveTest [] - Setting JMS receive timeout to 100ms
5485 [Test worker] INFO  wdsr.exercise4.receiver.ReceiveTest [] - alertText1=
Timestamp=1463138236127
Stock=GOOG
Volume=500000
5485 [Test worker] INFO  wdsr.exercise4.receiver.ReceiveTest [] - alertText2=
Timestamp=1463138236127
Stock=MSFT
Volume=500000
5485 [Test worker] INFO  org.apache.activemq.broker.TransportConnector [] - Connector vm://localhost started
5518 [Test worker] INFO  org.apache.activemq.broker.TransportConnector [] - Connector vm://localhost stopped
5520 [Test worker] INFO  org.apache.activemq.broker.BrokerService [] - Apache ActiveMQ 5.13.2 (localhost, ID:Rafa-Komputer-62419-1463138233079-0:4) is shutting down
5521 [Test worker] INFO  org.apache.activemq.broker.TransportConnector [] - Connector tcp://localhost:62616?deleteAllMessagesOnStartup=true stopped
5521 [Test worker] INFO  org.apache.activemq.store.kahadb.plist.PListStoreImpl [] - PListStore:[H:\WDSR\exercise4\activemq-data\localhost\tmp_storage] stopped
5521 [Test worker] INFO  org.apache.activemq.store.kahadb.KahaDBStore [] - Stopping async queue tasks
5521 [Test worker] INFO  org.apache.activemq.store.kahadb.KahaDBStore [] - Stopping async topic tasks
5521 [Test worker] INFO  org.apache.activemq.store.kahadb.KahaDBStore [] - Stopped KahaDB
5816 [Test worker] INFO  org.apache.activemq.broker.BrokerService [] - Apache ActiveMQ 5.13.2 (localhost, ID:Rafa-Komputer-62419-1463138233079-0:4) uptime 0.718 seconds
5817 [Test worker] INFO  org.apache.activemq.broker.BrokerService [] - Apache ActiveMQ 5.13.2 (localhost, ID:Rafa-Komputer-62419-1463138233079-0:4) is shutdown
5905 [Test worker] INFO  org.apache.activemq.broker.BrokerService [] - Using Persistence Adapter: KahaDBPersistenceAdapter[H:\WDSR\exercise4\activemq-data\localhost\KahaDB]
5907 [JMX connector] INFO  org.apache.activemq.broker.jmx.ManagementContext [] - JMX consoles can connect to service:jmx:rmi:///jndi/rmi://localhost:1099/jmxrmi
6115 [Test worker] INFO  org.apache.activemq.store.kahadb.MessageDatabase [] - KahaDB is version 6
6122 [Test worker] INFO  org.apache.activemq.store.kahadb.MessageDatabase [] - Recovering from the journal @1:1665606
6122 [Test worker] INFO  org.apache.activemq.store.kahadb.MessageDatabase [] - Recovery replayed 1 operations from the journal in 0.006 seconds.
6123 [Test worker] INFO  org.apache.activemq.store.kahadb.plist.PListStoreImpl [] - PListStore:[H:\WDSR\exercise4\activemq-data\localhost\tmp_storage] started
6124 [Test worker] INFO  org.apache.activemq.broker.BrokerService [] - Apache ActiveMQ 5.13.2 (localhost, ID:Rafa-Komputer-62419-1463138233079-0:5) is starting
6134 [Test worker] INFO  org.apache.activemq.transport.TransportServerThreadSupport [] - Listening for connections at: tcp://127.0.0.1:62616?deleteAllMessagesOnStartup=true
6135 [Test worker] INFO  org.apache.activemq.broker.TransportConnector [] - Connector tcp://localhost:62616?deleteAllMessagesOnStartup=true started
6135 [Test worker] INFO  org.apache.activemq.broker.BrokerService [] - Apache ActiveMQ 5.13.2 (localhost, ID:Rafa-Komputer-62419-1463138233079-0:5) started
6135 [Test worker] INFO  org.apache.activemq.broker.BrokerService [] - For help or more information please see: http://activemq.apache.org
6150 [Test worker] WARN  org.apache.activemq.broker.BrokerService [] - Store limit is 102400 mb (current store usage is 1 mb). The data directory: H:\WDSR\exercise4\activemq-data\localhost\KahaDB only has 8473 mb of usable space. - resetting to maximum available disk space: 8473 mb
6161 [Test worker] WARN  org.apache.activemq.broker.BrokerService [] - Temporary Store limit is 51200 mb (current store usage is 0 mb). The data directory: H:\WDSR\exercise4\activemq-data\localhost only has 8472 mb of usable space. - resetting to maximum available disk space: 8472 mb
6176 [Test worker] INFO  wdsr.exercise4.receiver.ReceiveTest [] - Setting JMS receive timeout to 100ms
6295 [Test worker] INFO  wdsr.exercise4.receiver.ReceiveTest [] - AlertText=
Timestamp=1463138236936
Stock=GOOG
Price= 10
6296 [Test worker] INFO  org.apache.activemq.broker.TransportConnector [] - Connector vm://localhost started
6336 [Test worker] INFO  org.apache.activemq.broker.TransportConnector [] - Connector vm://localhost stopped
6341 [Test worker] INFO  org.apache.activemq.broker.BrokerService [] - Apache ActiveMQ 5.13.2 (localhost, ID:Rafa-Komputer-62419-1463138233079-0:5) is shutting down
6342 [Test worker] INFO  org.apache.activemq.broker.TransportConnector [] - Connector tcp://localhost:62616?deleteAllMessagesOnStartup=true stopped
6342 [Test worker] INFO  org.apache.activemq.store.kahadb.plist.PListStoreImpl [] - PListStore:[H:\WDSR\exercise4\activemq-data\localhost\tmp_storage] stopped
6342 [Test worker] INFO  org.apache.activemq.store.kahadb.KahaDBStore [] - Stopping async queue tasks
6342 [Test worker] INFO  org.apache.activemq.store.kahadb.KahaDBStore [] - Stopping async topic tasks
6343 [Test worker] INFO  org.apache.activemq.store.kahadb.KahaDBStore [] - Stopped KahaDB
6618 [Test worker] INFO  org.apache.activemq.broker.BrokerService [] - Apache ActiveMQ 5.13.2 (localhost, ID:Rafa-Komputer-62419-1463138233079-0:5) uptime 0.717 seconds
6618 [Test worker] INFO  org.apache.activemq.broker.BrokerService [] - Apache ActiveMQ 5.13.2 (localhost, ID:Rafa-Komputer-62419-1463138233079-0:5) is shutdown
]]></system-out>
  <system-err><![CDATA[maj 13, 2016 1:17:11 PM org.springframework.test.context.support.DefaultTestContextBootstrapper getDefaultTestExecutionListenerClassNames
INFO: Loaded default TestExecutionListener class names from location [META-INF/spring.factories]: [org.springframework.test.context.web.ServletTestExecutionListener, org.springframework.test.context.support.DirtiesContextBeforeModesTestExecutionListener, org.springframework.test.context.support.DependencyInjectionTestExecutionListener, org.springframework.test.context.support.DirtiesContextTestExecutionListener, org.springframework.test.context.transaction.TransactionalTestExecutionListener, org.springframework.test.context.jdbc.SqlScriptsTestExecutionListener]
maj 13, 2016 1:17:11 PM org.springframework.test.context.support.DefaultTestContextBootstrapper instantiateListeners
INFO: Could not instantiate TestExecutionListener [org.springframework.test.context.web.ServletTestExecutionListener]. Specify custom listener classes or make the default listener classes (and their required dependencies) available. Offending class: [org/springframework/web/context/request/RequestAttributes]
maj 13, 2016 1:17:11 PM org.springframework.test.context.support.DefaultTestContextBootstrapper getTestExecutionListeners
INFO: Using TestExecutionListeners: [org.springframework.test.context.support.DirtiesContextBeforeModesTestExecutionListener@39bcbc87, org.springframework.test.context.support.DependencyInjectionTestExecutionListener@1184d6aa, org.springframework.test.context.support.DirtiesContextTestExecutionListener@1dc5520a, org.springframework.test.context.transaction.TransactionalTestExecutionListener@67cfb302, org.springframework.test.context.jdbc.SqlScriptsTestExecutionListener@3bcb73f8]
maj 13, 2016 1:17:11 PM org.springframework.beans.factory.xml.XmlBeanDefinitionReader loadBeanDefinitions
INFO: Loading XML bean definitions from class path resource [spring-receivetest-context.xml]
maj 13, 2016 1:17:12 PM org.springframework.beans.factory.xml.XmlBeanDefinitionReader loadBeanDefinitions
INFO: Loading XML bean definitions from class path resource [spring-test-infrastructure.xml]
maj 13, 2016 1:17:12 PM org.springframework.context.support.GenericApplicationContext prepareRefresh
INFO: Refreshing org.springframework.context.support.GenericApplicationContext@80c5f40: startup date [Fri May 13 13:17:12 CEST 2016]; root of context hierarchy
maj 13, 2016 1:17:12 PM org.springframework.beans.factory.annotation.AutowiredAnnotationBeanPostProcessor <init>
INFO: JSR-330 'javax.inject.Inject' annotation found and supported for autowiring
maj 13, 2016 1:17:13 PM org.springframework.context.support.DefaultLifecycleProcessor start
INFO: Starting beans in phase 2147483647
maj 13, 2016 1:17:13 PM org.springframework.context.support.GenericApplicationContext doClose
INFO: Closing org.springframework.context.support.GenericApplicationContext@80c5f40: startup date [Fri May 13 13:17:12 CEST 2016]; root of context hierarchy
maj 13, 2016 1:17:13 PM org.springframework.context.support.DefaultLifecycleProcessor stop
INFO: Stopping beans in phase 2147483647
maj 13, 2016 1:17:14 PM org.springframework.beans.factory.xml.XmlBeanDefinitionReader loadBeanDefinitions
INFO: Loading XML bean definitions from class path resource [spring-receivetest-context.xml]
maj 13, 2016 1:17:14 PM org.springframework.beans.factory.xml.XmlBeanDefinitionReader loadBeanDefinitions
INFO: Loading XML bean definitions from class path resource [spring-test-infrastructure.xml]
maj 13, 2016 1:17:14 PM org.springframework.context.support.GenericApplicationContext prepareRefresh
INFO: Refreshing org.springframework.context.support.GenericApplicationContext@20118036: startup date [Fri May 13 13:17:14 CEST 2016]; root of context hierarchy
maj 13, 2016 1:17:14 PM org.springframework.beans.factory.annotation.AutowiredAnnotationBeanPostProcessor <init>
INFO: JSR-330 'javax.inject.Inject' annotation found and supported for autowiring
maj 13, 2016 1:17:14 PM org.springframework.context.support.DefaultLifecycleProcessor start
INFO: Starting beans in phase 2147483647
maj 13, 2016 1:17:14 PM org.springframework.context.support.GenericApplicationContext doClose
INFO: Closing org.springframework.context.support.GenericApplicationContext@20118036: startup date [Fri May 13 13:17:14 CEST 2016]; root of context hierarchy
maj 13, 2016 1:17:14 PM org.springframework.context.support.DefaultLifecycleProcessor stop
INFO: Stopping beans in phase 2147483647
maj 13, 2016 1:17:14 PM org.springframework.beans.factory.xml.XmlBeanDefinitionReader loadBeanDefinitions
INFO: Loading XML bean definitions from class path resource [spring-receivetest-context.xml]
maj 13, 2016 1:17:14 PM org.springframework.beans.factory.xml.XmlBeanDefinitionReader loadBeanDefinitions
INFO: Loading XML bean definitions from class path resource [spring-test-infrastructure.xml]
maj 13, 2016 1:17:14 PM org.springframework.context.support.GenericApplicationContext prepareRefresh
INFO: Refreshing org.springframework.context.support.GenericApplicationContext@1ce2aa3a: startup date [Fri May 13 13:17:14 CEST 2016]; root of context hierarchy
maj 13, 2016 1:17:14 PM org.springframework.beans.factory.annotation.AutowiredAnnotationBeanPostProcessor <init>
INFO: JSR-330 'javax.inject.Inject' annotation found and supported for autowiring
maj 13, 2016 1:17:15 PM org.springframework.context.support.DefaultLifecycleProcessor start
INFO: Starting beans in phase 2147483647
maj 13, 2016 1:17:15 PM org.springframework.context.support.GenericApplicationContext doClose
INFO: Closing org.springframework.context.support.GenericApplicationContext@1ce2aa3a: startup date [Fri May 13 13:17:14 CEST 2016]; root of context hierarchy
maj 13, 2016 1:17:15 PM org.springframework.context.support.DefaultLifecycleProcessor stop
INFO: Stopping beans in phase 2147483647
maj 13, 2016 1:17:15 PM org.springframework.beans.factory.xml.XmlBeanDefinitionReader loadBeanDefinitions
INFO: Loading XML bean definitions from class path resource [spring-receivetest-context.xml]
maj 13, 2016 1:17:15 PM org.springframework.beans.factory.xml.XmlBeanDefinitionReader loadBeanDefinitions
INFO: Loading XML bean definitions from class path resource [spring-test-infrastructure.xml]
maj 13, 2016 1:17:15 PM org.springframework.context.support.GenericApplicationContext prepareRefresh
INFO: Refreshing org.springframework.context.support.GenericApplicationContext@15c61cef: startup date [Fri May 13 13:17:15 CEST 2016]; root of context hierarchy
maj 13, 2016 1:17:15 PM org.springframework.beans.factory.annotation.AutowiredAnnotationBeanPostProcessor <init>
INFO: JSR-330 'javax.inject.Inject' annotation found and supported for autowiring
maj 13, 2016 1:17:16 PM org.springframework.context.support.DefaultLifecycleProcessor start
INFO: Starting beans in phase 2147483647
maj 13, 2016 1:17:16 PM org.springframework.context.support.GenericApplicationContext doClose
INFO: Closing org.springframework.context.support.GenericApplicationContext@15c61cef: startup date [Fri May 13 13:17:15 CEST 2016]; root of context hierarchy
maj 13, 2016 1:17:16 PM org.springframework.context.support.DefaultLifecycleProcessor stop
INFO: Stopping beans in phase 2147483647
maj 13, 2016 1:17:16 PM org.springframework.beans.factory.xml.XmlBeanDefinitionReader loadBeanDefinitions
INFO: Loading XML bean definitions from class path resource [spring-receivetest-context.xml]
maj 13, 2016 1:17:16 PM org.springframework.beans.factory.xml.XmlBeanDefinitionReader loadBeanDefinitions
INFO: Loading XML bean definitions from class path resource [spring-test-infrastructure.xml]
maj 13, 2016 1:17:16 PM org.springframework.context.support.GenericApplicationContext prepareRefresh
INFO: Refreshing org.springframework.context.support.GenericApplicationContext@51abcc1b: startup date [Fri May 13 13:17:16 CEST 2016]; root of context hierarchy
maj 13, 2016 1:17:16 PM org.springframework.beans.factory.annotation.AutowiredAnnotationBeanPostProcessor <init>
INFO: JSR-330 'javax.inject.Inject' annotation found and supported for autowiring
maj 13, 2016 1:17:16 PM org.springframework.context.support.DefaultLifecycleProcessor start
INFO: Starting beans in phase 2147483647
maj 13, 2016 1:17:16 PM org.springframework.context.support.GenericApplicationContext doClose
INFO: Closing org.springframework.context.support.GenericApplicationContext@51abcc1b: startup date [Fri May 13 13:17:16 CEST 2016]; root of context hierarchy
maj 13, 2016 1:17:16 PM org.springframework.context.support.DefaultLifecycleProcessor stop
INFO: Stopping beans in phase 2147483647
]]></system-err>
</testsuite>
